2025-01-26 11:07:17 - INFO - Z-Score для PIXEL/YGG (NumPy): -1.6201
2025-01-26 11:07:17 - INFO - Z-Score для PIXEL/YGG (SciPy): -1.6201
2025-01-26 11:07:17 - INFO - Z-Score для PIXEL/YGG (Прямий): -1.6201
2025-01-26 11:07:17 - INFO - Z-Score для CYBER/LINA (NumPy): -2.2894
2025-01-26 11:07:17 - INFO - Z-Score для CYBER/LINA (SciPy): -2.2894
2025-01-26 11:07:17 - INFO - Z-Score для CYBER/LINA (Прямий): -2.2894
2025-01-26 11:07:17 - INFO - Z-Score для XAI/LINA (NumPy): -2.8247
2025-01-26 11:07:17 - INFO - Z-Score для XAI/LINA (SciPy): -2.8247
2025-01-26 11:07:17 - INFO - Z-Score для XAI/LINA (Прямий): -2.8247
2025-01-26 11:07:17 - INFO - Z-Score для XAI/YGG (NumPy): -2.5626
2025-01-26 11:07:17 - INFO - Z-Score для XAI/YGG (SciPy): -2.5626
2025-01-26 11:07:17 - INFO - Z-Score для XAI/YGG (Прямий): -2.5626
2025-01-26 11:07:17 - INFO - Z-Score для XAI/BAKE (NumPy): -2.3260
2025-01-26 11:07:17 - INFO - Z-Score для XAI/BAKE (SciPy): -2.3260
2025-01-26 11:07:17 - INFO - Z-Score для XAI/BAKE (Прямий): -2.3260
2025-01-26 11:07:17 - ERROR - ❌ Помилка для пари CYBER/AMB: Недостатньо даних для пари CYBER/AMB
2025-01-26 11:07:17 - INFO - Z-Score для PORTAL/YGG (NumPy): -1.8157
2025-01-26 11:07:17 - INFO - Z-Score для PORTAL/YGG (SciPy): -1.8157
2025-01-26 11:07:17 - INFO - Z-Score для PORTAL/YGG (Прямий): -1.8157
2025-01-26 11:07:17 - INFO - Z-Score для CYBER/BAKE (NumPy): -3.0510
2025-01-26 11:07:17 - INFO - Z-Score для CYBER/BAKE (SciPy): -3.0510
2025-01-26 11:07:17 - INFO - Z-Score для CYBER/BAKE (Прямий): -3.0510
2025-01-26 11:07:17 - INFO - Z-Score для AAVE/ENS (NumPy): -1.7734
2025-01-26 11:07:17 - INFO - Z-Score для AAVE/ENS (SciPy): -1.7734
2025-01-26 11:07:17 - INFO - Z-Score для AAVE/ENS (Прямий): -1.7734
2025-01-26 11:07:17 - INFO - Z-Score для OGN/LINA (NumPy): -1.4941
2025-01-26 11:07:17 - INFO - Z-Score для OGN/LINA (SciPy): -1.4941
2025-01-26 11:07:17 - INFO - Z-Score для OGN/LINA (Прямий): -1.4941
2025-01-26 11:07:17 - INFO - Z-Score для MANA/SLP (NumPy): -0.4856
2025-01-26 11:07:17 - INFO - Z-Score для MANA/SLP (SciPy): -0.4856
2025-01-26 11:07:17 - INFO - Z-Score для MANA/SLP (Прямий): -0.4856
2025-01-26 11:07:17 - INFO - Z-Score для MANA/ROSE (NumPy): -2.1703
2025-01-26 11:07:17 - INFO - Z-Score для MANA/ROSE (SciPy): -2.1703
2025-01-26 11:07:17 - INFO - Z-Score для MANA/ROSE (Прямий): -2.1703
2025-01-26 11:07:17 - INFO - Z-Score для NEAR/BAND (NumPy): -2.4512
2025-01-26 11:07:17 - INFO - Z-Score для NEAR/BAND (SciPy): -2.4512
2025-01-26 11:07:17 - INFO - Z-Score для NEAR/BAND (Прямий): -2.4512
2025-01-26 11:07:17 - INFO - Z-Score для FLOW/VANRY (NumPy): -1.6404
2025-01-26 11:07:17 - INFO - Z-Score для FLOW/VANRY (SciPy): -1.6404
2025-01-26 11:07:17 - INFO - Z-Score для FLOW/VANRY (Прямий): -1.6404
2025-01-26 11:07:17 - INFO - Z-Score для FLOW/CHZ (NumPy): -2.2709
2025-01-26 11:07:17 - INFO - Z-Score для FLOW/CHZ (SciPy): -2.2709
2025-01-26 11:07:17 - INFO - Z-Score для FLOW/CHZ (Прямий): -2.2709
2025-01-26 11:07:17 - INFO - Z-Score для FLOW/DODO (NumPy): -1.9178
2025-01-26 11:07:17 - INFO - Z-Score для FLOW/DODO (SciPy): -1.9178
2025-01-26 11:07:17 - INFO - Z-Score для FLOW/DODO (Прямий): -1.9178
2025-01-26 11:07:17 - INFO - Z-Score для MANTA/GMT (NumPy): -2.3259
2025-01-26 11:07:17 - INFO - Z-Score для MANTA/GMT (SciPy): -2.3259
2025-01-26 11:07:17 - INFO - Z-Score для MANTA/GMT (Прямий): -2.3259
2025-01-26 11:07:17 - INFO - Z-Score для NEAR/PERP (NumPy): -1.8655
2025-01-26 11:07:17 - INFO - Z-Score для NEAR/PERP (SciPy): -1.8655
2025-01-26 11:07:17 - INFO - Z-Score для NEAR/PERP (Прямий): -1.8655
2025-01-26 11:18:22 - INFO - Z-Score для PIXEL/YGG (NumPy): -1.7111
2025-01-26 11:18:22 - INFO - Z-Score для PIXEL/YGG (SciPy): -1.7111
2025-01-26 11:18:22 - INFO - Z-Score для PIXEL/YGG (Прямий): -1.7111
2025-01-26 11:18:22 - INFO - Z-Score для CYBER/LINA (NumPy): -2.0982
2025-01-26 11:18:22 - INFO - Z-Score для CYBER/LINA (SciPy): -2.0982
2025-01-26 11:18:22 - INFO - Z-Score для CYBER/LINA (Прямий): -2.0982
2025-01-26 11:18:22 - INFO - Z-Score для XAI/LINA (NumPy): -2.3513
2025-01-26 11:18:22 - INFO - Z-Score для XAI/LINA (SciPy): -2.3513
2025-01-26 11:18:22 - INFO - Z-Score для XAI/LINA (Прямий): -2.3513
2025-01-26 11:18:22 - INFO - Z-Score для XAI/YGG (NumPy): -2.5013
2025-01-26 11:18:22 - INFO - Z-Score для XAI/YGG (SciPy): -2.5013
2025-01-26 11:18:22 - INFO - Z-Score для XAI/YGG (Прямий): -2.5013
2025-01-26 11:18:22 - INFO - Z-Score для XAI/BAKE (NumPy): -2.0247
2025-01-26 11:18:22 - INFO - Z-Score для XAI/BAKE (SciPy): -2.0247
2025-01-26 11:18:22 - INFO - Z-Score для XAI/BAKE (Прямий): -2.0247
2025-01-26 11:18:22 - ERROR - ❌ Помилка для пари CYBER/AMB: Недостатньо даних для пари CYBER/AMB
2025-01-26 11:18:22 - INFO - Z-Score для PORTAL/YGG (NumPy): -1.7790
2025-01-26 11:18:22 - INFO - Z-Score для PORTAL/YGG (SciPy): -1.7790
2025-01-26 11:18:22 - INFO - Z-Score для PORTAL/YGG (Прямий): -1.7790
2025-01-26 11:18:22 - INFO - Z-Score для CYBER/BAKE (NumPy): -2.9008
2025-01-26 11:18:22 - INFO - Z-Score для CYBER/BAKE (SciPy): -2.9008
2025-01-26 11:18:22 - INFO - Z-Score для CYBER/BAKE (Прямий): -2.9008
2025-01-26 11:18:22 - INFO - Z-Score для AAVE/ENS (NumPy): -1.5726
2025-01-26 11:18:22 - INFO - Z-Score для AAVE/ENS (SciPy): -1.5726
2025-01-26 11:18:22 - INFO - Z-Score для AAVE/ENS (Прямий): -1.5726
2025-01-26 11:18:22 - INFO - Z-Score для OGN/LINA (NumPy): -1.5737
2025-01-26 11:18:22 - INFO - Z-Score для OGN/LINA (SciPy): -1.5737
2025-01-26 11:18:22 - INFO - Z-Score для OGN/LINA (Прямий): -1.5737
2025-01-26 11:18:22 - INFO - Z-Score для MANA/SLP (NumPy): -0.6628
2025-01-26 11:18:22 - INFO - Z-Score для MANA/SLP (SciPy): -0.6628
2025-01-26 11:18:22 - INFO - Z-Score для MANA/SLP (Прямий): -0.6628
2025-01-26 11:18:22 - INFO - Z-Score для MANA/ROSE (NumPy): -2.2257
2025-01-26 11:18:22 - INFO - Z-Score для MANA/ROSE (SciPy): -2.2257
2025-01-26 11:18:22 - INFO - Z-Score для MANA/ROSE (Прямий): -2.2257
2025-01-26 11:18:22 - INFO - Z-Score для NEAR/BAND (NumPy): -2.5250
2025-01-26 11:18:22 - INFO - Z-Score для NEAR/BAND (SciPy): -2.5250
2025-01-26 11:18:22 - INFO - Z-Score для NEAR/BAND (Прямий): -2.5250
2025-01-26 11:18:22 - INFO - Z-Score для FLOW/VANRY (NumPy): -1.8367
2025-01-26 11:18:22 - INFO - Z-Score для FLOW/VANRY (SciPy): -1.8367
2025-01-26 11:18:22 - INFO - Z-Score для FLOW/VANRY (Прямий): -1.8367
2025-01-26 11:18:22 - INFO - Z-Score для FLOW/CHZ (NumPy): -2.8240
2025-01-26 11:18:22 - INFO - Z-Score для FLOW/CHZ (SciPy): -2.8240
2025-01-26 11:18:22 - INFO - Z-Score для FLOW/CHZ (Прямий): -2.8240
2025-01-26 11:18:22 - INFO - Z-Score для FLOW/DODO (NumPy): -1.9134
2025-01-26 11:18:22 - INFO - Z-Score для FLOW/DODO (SciPy): -1.9134
2025-01-26 11:18:22 - INFO - Z-Score для FLOW/DODO (Прямий): -1.9134
2025-01-26 11:18:22 - INFO - Z-Score для MANTA/GMT (NumPy): -2.1708
2025-01-26 11:18:22 - INFO - Z-Score для MANTA/GMT (SciPy): -2.1708
2025-01-26 11:18:22 - INFO - Z-Score для MANTA/GMT (Прямий): -2.1708
2025-01-26 11:18:22 - INFO - Z-Score для NEAR/PERP (NumPy): -1.8942
2025-01-26 11:18:22 - INFO - Z-Score для NEAR/PERP (SciPy): -1.8942
2025-01-26 11:18:22 - INFO - Z-Score для NEAR/PERP (Прямий): -1.8942
2025-01-26 11:31:19 - INFO - Z-Score для PIXEL/YGG (NumPy): -1.5684
2025-01-26 11:31:19 - INFO - Z-Score для PIXEL/YGG (SciPy): -1.5684
2025-01-26 11:31:19 - INFO - Z-Score для PIXEL/YGG (Прямий): -1.5684
2025-01-26 11:31:19 - INFO - Z-Score для CYBER/LINA (NumPy): -2.4546
2025-01-26 11:31:19 - INFO - Z-Score для CYBER/LINA (SciPy): -2.4546
2025-01-26 11:31:19 - INFO - Z-Score для CYBER/LINA (Прямий): -2.4546
2025-01-26 11:31:19 - INFO - Z-Score для XAI/LINA (NumPy): -2.4089
2025-01-26 11:31:19 - INFO - Z-Score для XAI/LINA (SciPy): -2.4089
2025-01-26 11:31:19 - INFO - Z-Score для XAI/LINA (Прямий): -2.4089
2025-01-26 11:31:19 - INFO - Z-Score для XAI/YGG (NumPy): -2.4154
2025-01-26 11:31:19 - INFO - Z-Score для XAI/YGG (SciPy): -2.4154
2025-01-26 11:31:19 - INFO - Z-Score для XAI/YGG (Прямий): -2.4154
2025-01-26 11:31:19 - INFO - Z-Score для XAI/BAKE (NumPy): -2.0311
2025-01-26 11:31:19 - INFO - Z-Score для XAI/BAKE (SciPy): -2.0311
2025-01-26 11:31:19 - INFO - Z-Score для XAI/BAKE (Прямий): -2.0311
2025-01-26 11:31:19 - ERROR - ❌ Помилка для пари CYBER/AMB: Недостатньо даних для пари CYBER/AMB
2025-01-26 11:31:19 - INFO - Z-Score для PORTAL/YGG (NumPy): -1.6497
2025-01-26 11:31:19 - INFO - Z-Score для PORTAL/YGG (SciPy): -1.6497
2025-01-26 11:31:19 - INFO - Z-Score для PORTAL/YGG (Прямий): -1.6497
2025-01-26 11:31:19 - INFO - Z-Score для CYBER/BAKE (NumPy): -3.2859
2025-01-26 11:31:19 - INFO - Z-Score для CYBER/BAKE (SciPy): -3.2859
2025-01-26 11:31:19 - INFO - Z-Score для CYBER/BAKE (Прямий): -3.2859
2025-01-26 11:31:19 - INFO - Z-Score для AAVE/ENS (NumPy): -1.4399
2025-01-26 11:31:19 - INFO - Z-Score для AAVE/ENS (SciPy): -1.4399
2025-01-26 11:31:19 - INFO - Z-Score для AAVE/ENS (Прямий): -1.4399
2025-01-26 11:31:19 - INFO - Z-Score для OGN/LINA (NumPy): -1.6785
2025-01-26 11:31:19 - INFO - Z-Score для OGN/LINA (SciPy): -1.6785
2025-01-26 11:31:19 - INFO - Z-Score для OGN/LINA (Прямий): -1.6785
2025-01-26 11:31:19 - INFO - Z-Score для MANA/SLP (NumPy): -0.5704
2025-01-26 11:31:19 - INFO - Z-Score для MANA/SLP (SciPy): -0.5704
2025-01-26 11:31:19 - INFO - Z-Score для MANA/SLP (Прямий): -0.5704
2025-01-26 11:31:19 - INFO - Z-Score для MANA/ROSE (NumPy): -2.2527
2025-01-26 11:31:19 - INFO - Z-Score для MANA/ROSE (SciPy): -2.2527
2025-01-26 11:31:19 - INFO - Z-Score для MANA/ROSE (Прямий): -2.2527
2025-01-26 11:31:19 - INFO - Z-Score для NEAR/BAND (NumPy): -2.4893
2025-01-26 11:31:19 - INFO - Z-Score для NEAR/BAND (SciPy): -2.4893
2025-01-26 11:31:19 - INFO - Z-Score для NEAR/BAND (Прямий): -2.4893
2025-01-26 11:31:19 - INFO - Z-Score для FLOW/VANRY (NumPy): -1.8067
2025-01-26 11:31:19 - INFO - Z-Score для FLOW/VANRY (SciPy): -1.8067
2025-01-26 11:31:19 - INFO - Z-Score для FLOW/VANRY (Прямий): -1.8067
2025-01-26 11:31:19 - INFO - Z-Score для FLOW/CHZ (NumPy): -1.4383
2025-01-26 11:31:19 - INFO - Z-Score для FLOW/CHZ (SciPy): -1.4383
2025-01-26 11:31:19 - INFO - Z-Score для FLOW/CHZ (Прямий): -1.4383
2025-01-26 11:31:19 - INFO - Z-Score для FLOW/DODO (NumPy): -1.9233
2025-01-26 11:31:19 - INFO - Z-Score для FLOW/DODO (SciPy): -1.9233
2025-01-26 11:31:19 - INFO - Z-Score для FLOW/DODO (Прямий): -1.9233
2025-01-26 11:31:19 - INFO - Z-Score для MANTA/GMT (NumPy): -1.6875
2025-01-26 11:31:19 - INFO - Z-Score для MANTA/GMT (SciPy): -1.6875
2025-01-26 11:31:19 - INFO - Z-Score для MANTA/GMT (Прямий): -1.6875
2025-01-26 11:31:19 - INFO - Z-Score для NEAR/PERP (NumPy): -1.8133
2025-01-26 11:31:19 - INFO - Z-Score для NEAR/PERP (SciPy): -1.8133
2025-01-26 11:31:19 - INFO - Z-Score для NEAR/PERP (Прямий): -1.8133
