2025-01-26 11:06:21 - INFO - 📊 Початок розрахунку Z-Score для пари PIXEL/YGG
2025-01-26 11:06:21 - INFO - Кількість записів для PIXEL: 672
2025-01-26 11:06:21 - INFO - Кількість записів для YGG: 672
2025-01-26 11:06:21 - INFO - ✅ Z-Score для PIXEL/YGG: -1.62
2025-01-26 11:06:21 - INFO - ✅ Z-Score для PIXEL/YGG: -1.62
2025-01-26 11:06:21 - INFO - 📊 Початок розрахунку Z-Score для пари CYBER/LINA
2025-01-26 11:06:21 - INFO - Кількість записів для CYBER: 672
2025-01-26 11:06:21 - INFO - Кількість записів для LINA: 672
2025-01-26 11:06:21 - INFO - ✅ Z-Score для CYBER/LINA: -2.29
2025-01-26 11:06:21 - INFO - ✅ Z-Score для CYBER/LINA: -2.29
2025-01-26 11:06:21 - INFO - 📊 Початок розрахунку Z-Score для пари XAI/LINA
2025-01-26 11:06:21 - INFO - Кількість записів для XAI: 672
2025-01-26 11:06:21 - INFO - Кількість записів для LINA: 672
2025-01-26 11:06:21 - INFO - ✅ Z-Score для XAI/LINA: -2.82
2025-01-26 11:06:21 - INFO - ✅ Z-Score для XAI/LINA: -2.82
2025-01-26 11:06:21 - INFO - 📊 Початок розрахунку Z-Score для пари XAI/YGG
2025-01-26 11:06:21 - INFO - Кількість записів для XAI: 672
2025-01-26 11:06:21 - INFO - Кількість записів для YGG: 672
2025-01-26 11:06:21 - INFO - ✅ Z-Score для XAI/YGG: -2.56
2025-01-26 11:06:21 - INFO - ✅ Z-Score для XAI/YGG: -2.56
2025-01-26 11:06:21 - INFO - 📊 Початок розрахунку Z-Score для пари XAI/BAKE
2025-01-26 11:06:21 - INFO - Кількість записів для XAI: 672
2025-01-26 11:06:21 - INFO - Кількість записів для BAKE: 672
2025-01-26 11:06:21 - INFO - ✅ Z-Score для XAI/BAKE: -2.33
2025-01-26 11:06:21 - INFO - ✅ Z-Score для XAI/BAKE: -2.33
2025-01-26 11:06:21 - INFO - 📊 Початок розрахунку Z-Score для пари CYBER/AMB
2025-01-26 11:06:21 - INFO - Кількість записів для CYBER: 672
2025-01-26 11:06:21 - INFO - Кількість записів для AMB: 0
2025-01-26 11:06:21 - ERROR - ❌ Помилка для пари CYBER/AMB: Недостатньо даних для пари CYBER/AMB
2025-01-26 11:06:21 - WARNING - ⚠️ Не вдалося розрахувати Z-Score для CYBER/AMB
2025-01-26 11:06:21 - INFO - 📊 Початок розрахунку Z-Score для пари PORTAL/YGG
2025-01-26 11:06:21 - INFO - Кількість записів для PORTAL: 672
2025-01-26 11:06:21 - INFO - Кількість записів для YGG: 672
2025-01-26 11:06:21 - INFO - ✅ Z-Score для PORTAL/YGG: -1.82
2025-01-26 11:06:21 - INFO - ✅ Z-Score для PORTAL/YGG: -1.82
2025-01-26 11:06:21 - INFO - 📊 Початок розрахунку Z-Score для пари CYBER/BAKE
2025-01-26 11:06:21 - INFO - Кількість записів для CYBER: 672
2025-01-26 11:06:21 - INFO - Кількість записів для BAKE: 672
2025-01-26 11:06:21 - INFO - ✅ Z-Score для CYBER/BAKE: -3.05
2025-01-26 11:06:21 - INFO - ✅ Z-Score для CYBER/BAKE: -3.05
2025-01-26 11:06:21 - INFO - 📊 Початок розрахунку Z-Score для пари AAVE/ENS
2025-01-26 11:06:21 - INFO - Кількість записів для AAVE: 672
2025-01-26 11:06:21 - INFO - Кількість записів для ENS: 672
2025-01-26 11:06:21 - INFO - ✅ Z-Score для AAVE/ENS: -1.77
2025-01-26 11:06:21 - INFO - ✅ Z-Score для AAVE/ENS: -1.77
2025-01-26 11:06:21 - INFO - 📊 Початок розрахунку Z-Score для пари OGN/LINA
2025-01-26 11:06:21 - INFO - Кількість записів для OGN: 672
2025-01-26 11:06:21 - INFO - Кількість записів для LINA: 672
2025-01-26 11:06:21 - INFO - ✅ Z-Score для OGN/LINA: -1.49
2025-01-26 11:06:21 - INFO - ✅ Z-Score для OGN/LINA: -1.49
2025-01-26 11:06:21 - INFO - 📊 Початок розрахунку Z-Score для пари MANA/SLP
2025-01-26 11:06:21 - INFO - Кількість записів для MANA: 672
2025-01-26 11:06:21 - INFO - Кількість записів для SLP: 672
2025-01-26 11:06:21 - INFO - ✅ Z-Score для MANA/SLP: -0.49
2025-01-26 11:06:21 - INFO - ✅ Z-Score для MANA/SLP: -0.49
2025-01-26 11:06:21 - INFO - 📊 Початок розрахунку Z-Score для пари MANA/ROSE
2025-01-26 11:06:21 - INFO - Кількість записів для MANA: 672
2025-01-26 11:06:21 - INFO - Кількість записів для ROSE: 672
2025-01-26 11:06:21 - INFO - ✅ Z-Score для MANA/ROSE: -2.17
2025-01-26 11:06:21 - INFO - ✅ Z-Score для MANA/ROSE: -2.17
2025-01-26 11:06:21 - INFO - 📊 Початок розрахунку Z-Score для пари NEAR/BAND
2025-01-26 11:06:21 - INFO - Кількість записів для NEAR: 672
2025-01-26 11:06:21 - INFO - Кількість записів для BAND: 672
2025-01-26 11:06:21 - INFO - ✅ Z-Score для NEAR/BAND: -2.45
2025-01-26 11:06:21 - INFO - ✅ Z-Score для NEAR/BAND: -2.45
2025-01-26 11:06:21 - INFO - 📊 Початок розрахунку Z-Score для пари FLOW/VANRY
2025-01-26 11:06:21 - INFO - Кількість записів для FLOW: 672
2025-01-26 11:06:21 - INFO - Кількість записів для VANRY: 672
2025-01-26 11:06:21 - INFO - ✅ Z-Score для FLOW/VANRY: -1.64
2025-01-26 11:06:21 - INFO - ✅ Z-Score для FLOW/VANRY: -1.64
2025-01-26 11:06:21 - INFO - 📊 Початок розрахунку Z-Score для пари FLOW/CHZ
2025-01-26 11:06:21 - INFO - Кількість записів для FLOW: 672
2025-01-26 11:06:21 - INFO - Кількість записів для CHZ: 672
2025-01-26 11:06:21 - INFO - ✅ Z-Score для FLOW/CHZ: -2.27
2025-01-26 11:06:21 - INFO - ✅ Z-Score для FLOW/CHZ: -2.27
2025-01-26 11:06:21 - INFO - 📊 Початок розрахунку Z-Score для пари FLOW/DODO
2025-01-26 11:06:21 - INFO - Кількість записів для FLOW: 672
2025-01-26 11:06:21 - INFO - Кількість записів для DODO: 672
2025-01-26 11:06:21 - INFO - ✅ Z-Score для FLOW/DODO: -1.92
2025-01-26 11:06:21 - INFO - ✅ Z-Score для FLOW/DODO: -1.92
2025-01-26 11:06:21 - INFO - 📊 Початок розрахунку Z-Score для пари MANTA/GMT
2025-01-26 11:06:22 - INFO - Кількість записів для MANTA: 672
2025-01-26 11:06:22 - INFO - Кількість записів для GMT: 672
2025-01-26 11:06:22 - INFO - ✅ Z-Score для MANTA/GMT: -2.33
2025-01-26 11:06:22 - INFO - ✅ Z-Score для MANTA/GMT: -2.33
2025-01-26 11:06:22 - INFO - 📊 Початок розрахунку Z-Score для пари NEAR/PERP
2025-01-26 11:06:22 - INFO - Кількість записів для NEAR: 672
2025-01-26 11:06:22 - INFO - Кількість записів для PERP: 672
2025-01-26 11:06:22 - INFO - ✅ Z-Score для NEAR/PERP: -1.87
2025-01-26 11:06:22 - INFO - ✅ Z-Score для NEAR/PERP: -1.87
2025-01-26 11:06:22 - INFO - ✅ Успішно обчислено Z-Score для 17 із 18 пар.
2025-01-26 11:18:12 - INFO - 📊 Початок розрахунку Z-Score для пари PIXEL/YGG
2025-01-26 11:18:12 - INFO - Кількість записів для PIXEL: 672
2025-01-26 11:18:12 - INFO - Кількість записів для YGG: 672
2025-01-26 11:18:12 - INFO - ✅ Z-Score для PIXEL/YGG: -1.71
2025-01-26 11:18:12 - INFO - ✅ Z-Score для PIXEL/YGG: -1.71
2025-01-26 11:18:12 - INFO - 📊 Початок розрахунку Z-Score для пари CYBER/LINA
2025-01-26 11:18:12 - INFO - Кількість записів для CYBER: 672
2025-01-26 11:18:12 - INFO - Кількість записів для LINA: 672
2025-01-26 11:18:12 - INFO - ✅ Z-Score для CYBER/LINA: -2.10
2025-01-26 11:18:12 - INFO - ✅ Z-Score для CYBER/LINA: -2.1
2025-01-26 11:18:12 - INFO - 📊 Початок розрахунку Z-Score для пари XAI/LINA
2025-01-26 11:18:12 - INFO - Кількість записів для XAI: 672
2025-01-26 11:18:12 - INFO - Кількість записів для LINA: 672
2025-01-26 11:18:12 - INFO - ✅ Z-Score для XAI/LINA: -2.35
2025-01-26 11:18:12 - INFO - ✅ Z-Score для XAI/LINA: -2.35
2025-01-26 11:18:12 - INFO - 📊 Початок розрахунку Z-Score для пари XAI/YGG
2025-01-26 11:18:12 - INFO - Кількість записів для XAI: 672
2025-01-26 11:18:12 - INFO - Кількість записів для YGG: 672
2025-01-26 11:18:12 - INFO - ✅ Z-Score для XAI/YGG: -2.50
2025-01-26 11:18:12 - INFO - ✅ Z-Score для XAI/YGG: -2.5
2025-01-26 11:18:12 - INFO - 📊 Початок розрахунку Z-Score для пари XAI/BAKE
2025-01-26 11:18:12 - INFO - Кількість записів для XAI: 672
2025-01-26 11:18:12 - INFO - Кількість записів для BAKE: 672
2025-01-26 11:18:12 - INFO - ✅ Z-Score для XAI/BAKE: -2.02
2025-01-26 11:18:12 - INFO - ✅ Z-Score для XAI/BAKE: -2.02
2025-01-26 11:18:12 - INFO - 📊 Початок розрахунку Z-Score для пари CYBER/AMB
2025-01-26 11:18:12 - INFO - Кількість записів для CYBER: 672
2025-01-26 11:18:12 - INFO - Кількість записів для AMB: 0
2025-01-26 11:18:12 - ERROR - ❌ Помилка для пари CYBER/AMB: Недостатньо даних для пари CYBER/AMB
2025-01-26 11:18:12 - WARNING - ⚠️ Не вдалося розрахувати Z-Score для CYBER/AMB
2025-01-26 11:18:12 - INFO - 📊 Початок розрахунку Z-Score для пари PORTAL/YGG
2025-01-26 11:18:12 - INFO - Кількість записів для PORTAL: 672
2025-01-26 11:18:12 - INFO - Кількість записів для YGG: 672
2025-01-26 11:18:12 - INFO - ✅ Z-Score для PORTAL/YGG: -1.78
2025-01-26 11:18:12 - INFO - ✅ Z-Score для PORTAL/YGG: -1.78
2025-01-26 11:18:12 - INFO - 📊 Початок розрахунку Z-Score для пари CYBER/BAKE
2025-01-26 11:18:12 - INFO - Кількість записів для CYBER: 672
2025-01-26 11:18:12 - INFO - Кількість записів для BAKE: 672
2025-01-26 11:18:12 - INFO - ✅ Z-Score для CYBER/BAKE: -2.90
2025-01-26 11:18:12 - INFO - ✅ Z-Score для CYBER/BAKE: -2.9
2025-01-26 11:18:12 - INFO - 📊 Початок розрахунку Z-Score для пари AAVE/ENS
2025-01-26 11:18:12 - INFO - Кількість записів для AAVE: 672
2025-01-26 11:18:12 - INFO - Кількість записів для ENS: 672
2025-01-26 11:18:12 - INFO - ✅ Z-Score для AAVE/ENS: -1.57
2025-01-26 11:18:12 - INFO - ✅ Z-Score для AAVE/ENS: -1.57
2025-01-26 11:18:12 - INFO - 📊 Початок розрахунку Z-Score для пари OGN/LINA
2025-01-26 11:18:12 - INFO - Кількість записів для OGN: 672
2025-01-26 11:18:12 - INFO - Кількість записів для LINA: 672
2025-01-26 11:18:12 - INFO - ✅ Z-Score для OGN/LINA: -1.57
2025-01-26 11:18:12 - INFO - ✅ Z-Score для OGN/LINA: -1.57
2025-01-26 11:18:12 - INFO - 📊 Початок розрахунку Z-Score для пари MANA/SLP
2025-01-26 11:18:12 - INFO - Кількість записів для MANA: 672
2025-01-26 11:18:12 - INFO - Кількість записів для SLP: 672
2025-01-26 11:18:12 - INFO - ✅ Z-Score для MANA/SLP: -0.66
2025-01-26 11:18:12 - INFO - ✅ Z-Score для MANA/SLP: -0.66
2025-01-26 11:18:12 - INFO - 📊 Початок розрахунку Z-Score для пари MANA/ROSE
2025-01-26 11:18:12 - INFO - Кількість записів для MANA: 672
2025-01-26 11:18:12 - INFO - Кількість записів для ROSE: 672
2025-01-26 11:18:12 - INFO - ✅ Z-Score для MANA/ROSE: -2.23
2025-01-26 11:18:12 - INFO - ✅ Z-Score для MANA/ROSE: -2.23
2025-01-26 11:18:12 - INFO - 📊 Початок розрахунку Z-Score для пари NEAR/BAND
2025-01-26 11:18:12 - INFO - Кількість записів для NEAR: 672
2025-01-26 11:18:12 - INFO - Кількість записів для BAND: 672
2025-01-26 11:18:12 - INFO - ✅ Z-Score для NEAR/BAND: -2.52
2025-01-26 11:18:12 - INFO - ✅ Z-Score для NEAR/BAND: -2.52
2025-01-26 11:18:12 - INFO - 📊 Початок розрахунку Z-Score для пари FLOW/VANRY
2025-01-26 11:18:12 - INFO - Кількість записів для FLOW: 672
2025-01-26 11:18:12 - INFO - Кількість записів для VANRY: 672
2025-01-26 11:18:12 - INFO - ✅ Z-Score для FLOW/VANRY: -1.84
2025-01-26 11:18:12 - INFO - ✅ Z-Score для FLOW/VANRY: -1.84
2025-01-26 11:18:12 - INFO - 📊 Початок розрахунку Z-Score для пари FLOW/CHZ
2025-01-26 11:18:12 - INFO - Кількість записів для FLOW: 672
2025-01-26 11:18:12 - INFO - Кількість записів для CHZ: 672
2025-01-26 11:18:12 - INFO - ✅ Z-Score для FLOW/CHZ: -2.82
2025-01-26 11:18:12 - INFO - ✅ Z-Score для FLOW/CHZ: -2.82
2025-01-26 11:18:12 - INFO - 📊 Початок розрахунку Z-Score для пари FLOW/DODO
2025-01-26 11:18:12 - INFO - Кількість записів для FLOW: 672
2025-01-26 11:18:12 - INFO - Кількість записів для DODO: 672
2025-01-26 11:18:12 - INFO - ✅ Z-Score для FLOW/DODO: -1.91
2025-01-26 11:18:12 - INFO - ✅ Z-Score для FLOW/DODO: -1.91
2025-01-26 11:18:12 - INFO - 📊 Початок розрахунку Z-Score для пари MANTA/GMT
2025-01-26 11:18:12 - INFO - Кількість записів для MANTA: 672
2025-01-26 11:18:12 - INFO - Кількість записів для GMT: 672
2025-01-26 11:18:12 - INFO - ✅ Z-Score для MANTA/GMT: -2.17
2025-01-26 11:18:12 - INFO - ✅ Z-Score для MANTA/GMT: -2.17
2025-01-26 11:18:12 - INFO - 📊 Початок розрахунку Z-Score для пари NEAR/PERP
2025-01-26 11:18:12 - INFO - Кількість записів для NEAR: 672
2025-01-26 11:18:12 - INFO - Кількість записів для PERP: 672
2025-01-26 11:18:12 - INFO - ✅ Z-Score для NEAR/PERP: -1.89
2025-01-26 11:18:12 - INFO - ✅ Z-Score для NEAR/PERP: -1.89
2025-01-26 11:18:12 - INFO - ✅ Успішно обчислено Z-Score для 17 із 18 пар.
2025-01-26 11:19:18 - INFO - 📊 Початок розрахунку Z-Score для пари PIXEL/YGG
2025-01-26 11:19:18 - INFO - Кількість записів для PIXEL: 672
2025-01-26 11:19:18 - INFO - Кількість записів для YGG: 672
2025-01-26 11:19:18 - INFO - ✅ Z-Score для PIXEL/YGG: -1.71
2025-01-26 11:19:18 - INFO - ✅ Z-Score для PIXEL/YGG: -1.71
2025-01-26 11:19:18 - INFO - 📊 Початок розрахунку Z-Score для пари CYBER/LINA
2025-01-26 11:19:18 - INFO - Кількість записів для CYBER: 672
2025-01-26 11:19:18 - INFO - Кількість записів для LINA: 672
2025-01-26 11:19:18 - INFO - ✅ Z-Score для CYBER/LINA: -2.10
2025-01-26 11:19:18 - INFO - ✅ Z-Score для CYBER/LINA: -2.1
2025-01-26 11:19:18 - INFO - 📊 Початок розрахунку Z-Score для пари XAI/LINA
2025-01-26 11:19:18 - INFO - Кількість записів для XAI: 672
2025-01-26 11:19:18 - INFO - Кількість записів для LINA: 672
2025-01-26 11:19:18 - INFO - ✅ Z-Score для XAI/LINA: -2.35
2025-01-26 11:19:18 - INFO - ✅ Z-Score для XAI/LINA: -2.35
2025-01-26 11:19:18 - INFO - 📊 Початок розрахунку Z-Score для пари XAI/YGG
2025-01-26 11:19:18 - INFO - Кількість записів для XAI: 672
2025-01-26 11:19:18 - INFO - Кількість записів для YGG: 672
2025-01-26 11:19:18 - INFO - ✅ Z-Score для XAI/YGG: -2.50
2025-01-26 11:19:18 - INFO - ✅ Z-Score для XAI/YGG: -2.5
2025-01-26 11:19:18 - INFO - 📊 Початок розрахунку Z-Score для пари XAI/BAKE
2025-01-26 11:19:18 - INFO - Кількість записів для XAI: 672
2025-01-26 11:19:18 - INFO - Кількість записів для BAKE: 672
2025-01-26 11:19:18 - INFO - ✅ Z-Score для XAI/BAKE: -2.02
2025-01-26 11:19:18 - INFO - ✅ Z-Score для XAI/BAKE: -2.02
2025-01-26 11:19:18 - INFO - 📊 Початок розрахунку Z-Score для пари CYBER/AMB
2025-01-26 11:19:18 - INFO - Кількість записів для CYBER: 672
2025-01-26 11:19:18 - INFO - Кількість записів для AMB: 0
2025-01-26 11:19:18 - ERROR - ❌ Помилка для пари CYBER/AMB: Недостатньо даних для пари CYBER/AMB
2025-01-26 11:19:18 - WARNING - ⚠️ Не вдалося розрахувати Z-Score для CYBER/AMB
2025-01-26 11:19:18 - INFO - 📊 Початок розрахунку Z-Score для пари PORTAL/YGG
2025-01-26 11:19:18 - INFO - Кількість записів для PORTAL: 672
2025-01-26 11:19:18 - INFO - Кількість записів для YGG: 672
2025-01-26 11:19:18 - INFO - ✅ Z-Score для PORTAL/YGG: -1.78
2025-01-26 11:19:18 - INFO - ✅ Z-Score для PORTAL/YGG: -1.78
2025-01-26 11:19:18 - INFO - 📊 Початок розрахунку Z-Score для пари CYBER/BAKE
2025-01-26 11:19:18 - INFO - Кількість записів для CYBER: 672
2025-01-26 11:19:18 - INFO - Кількість записів для BAKE: 672
2025-01-26 11:19:18 - INFO - ✅ Z-Score для CYBER/BAKE: -2.90
2025-01-26 11:19:18 - INFO - ✅ Z-Score для CYBER/BAKE: -2.9
2025-01-26 11:19:18 - INFO - 📊 Початок розрахунку Z-Score для пари AAVE/ENS
2025-01-26 11:19:18 - INFO - Кількість записів для AAVE: 672
2025-01-26 11:19:18 - INFO - Кількість записів для ENS: 672
2025-01-26 11:19:18 - INFO - ✅ Z-Score для AAVE/ENS: -1.57
2025-01-26 11:19:18 - INFO - ✅ Z-Score для AAVE/ENS: -1.57
2025-01-26 11:19:18 - INFO - 📊 Початок розрахунку Z-Score для пари OGN/LINA
2025-01-26 11:19:18 - INFO - Кількість записів для OGN: 672
2025-01-26 11:19:18 - INFO - Кількість записів для LINA: 672
2025-01-26 11:19:18 - INFO - ✅ Z-Score для OGN/LINA: -1.57
2025-01-26 11:19:18 - INFO - ✅ Z-Score для OGN/LINA: -1.57
2025-01-26 11:19:18 - INFO - 📊 Початок розрахунку Z-Score для пари MANA/SLP
2025-01-26 11:19:18 - INFO - Кількість записів для MANA: 672
2025-01-26 11:19:18 - INFO - Кількість записів для SLP: 672
2025-01-26 11:19:18 - INFO - ✅ Z-Score для MANA/SLP: -0.66
2025-01-26 11:19:18 - INFO - ✅ Z-Score для MANA/SLP: -0.66
2025-01-26 11:19:18 - INFO - 📊 Початок розрахунку Z-Score для пари MANA/ROSE
2025-01-26 11:19:18 - INFO - Кількість записів для MANA: 672
2025-01-26 11:19:18 - INFO - Кількість записів для ROSE: 672
2025-01-26 11:19:18 - INFO - ✅ Z-Score для MANA/ROSE: -2.23
2025-01-26 11:19:18 - INFO - ✅ Z-Score для MANA/ROSE: -2.23
2025-01-26 11:19:18 - INFO - 📊 Початок розрахунку Z-Score для пари NEAR/BAND
2025-01-26 11:19:18 - INFO - Кількість записів для NEAR: 672
2025-01-26 11:19:18 - INFO - Кількість записів для BAND: 672
2025-01-26 11:19:18 - INFO - ✅ Z-Score для NEAR/BAND: -2.52
2025-01-26 11:19:18 - INFO - ✅ Z-Score для NEAR/BAND: -2.52
2025-01-26 11:19:18 - INFO - 📊 Початок розрахунку Z-Score для пари FLOW/VANRY
2025-01-26 11:19:18 - INFO - Кількість записів для FLOW: 672
2025-01-26 11:19:18 - INFO - Кількість записів для VANRY: 672
2025-01-26 11:19:18 - INFO - ✅ Z-Score для FLOW/VANRY: -1.84
2025-01-26 11:19:18 - INFO - ✅ Z-Score для FLOW/VANRY: -1.84
2025-01-26 11:19:18 - INFO - 📊 Початок розрахунку Z-Score для пари FLOW/CHZ
2025-01-26 11:19:18 - INFO - Кількість записів для FLOW: 672
2025-01-26 11:19:18 - INFO - Кількість записів для CHZ: 672
2025-01-26 11:19:18 - INFO - ✅ Z-Score для FLOW/CHZ: -2.82
2025-01-26 11:19:18 - INFO - ✅ Z-Score для FLOW/CHZ: -2.82
2025-01-26 11:19:18 - INFO - 📊 Початок розрахунку Z-Score для пари FLOW/DODO
2025-01-26 11:19:18 - INFO - Кількість записів для FLOW: 672
2025-01-26 11:19:18 - INFO - Кількість записів для DODO: 672
2025-01-26 11:19:18 - INFO - ✅ Z-Score для FLOW/DODO: -1.91
2025-01-26 11:19:18 - INFO - ✅ Z-Score для FLOW/DODO: -1.91
2025-01-26 11:19:18 - INFO - 📊 Початок розрахунку Z-Score для пари MANTA/GMT
2025-01-26 11:19:18 - INFO - Кількість записів для MANTA: 672
2025-01-26 11:19:18 - INFO - Кількість записів для GMT: 672
2025-01-26 11:19:18 - INFO - ✅ Z-Score для MANTA/GMT: -2.17
2025-01-26 11:19:18 - INFO - ✅ Z-Score для MANTA/GMT: -2.17
2025-01-26 11:19:18 - INFO - 📊 Початок розрахунку Z-Score для пари NEAR/PERP
2025-01-26 11:19:18 - INFO - Кількість записів для NEAR: 672
2025-01-26 11:19:18 - INFO - Кількість записів для PERP: 672
2025-01-26 11:19:18 - INFO - ✅ Z-Score для NEAR/PERP: -1.89
2025-01-26 11:19:18 - INFO - ✅ Z-Score для NEAR/PERP: -1.89
2025-01-26 11:19:18 - INFO - ✅ Успішно обчислено Z-Score для 17 із 18 пар.
2025-01-26 11:31:05 - INFO - 📊 Початок розрахунку Z-Score для пари PIXEL/YGG
2025-01-26 11:31:05 - INFO - Кількість записів для PIXEL: 672
2025-01-26 11:31:05 - INFO - Кількість записів для YGG: 672
2025-01-26 11:31:05 - INFO - ✅ Z-Score для PIXEL/YGG: -1.57
2025-01-26 11:31:05 - INFO - ✅ Z-Score для PIXEL/YGG: -1.57
2025-01-26 11:31:05 - INFO - 📊 Початок розрахунку Z-Score для пари CYBER/LINA
2025-01-26 11:31:05 - INFO - Кількість записів для CYBER: 672
2025-01-26 11:31:05 - INFO - Кількість записів для LINA: 672
2025-01-26 11:31:05 - INFO - ✅ Z-Score для CYBER/LINA: -2.45
2025-01-26 11:31:05 - INFO - ✅ Z-Score для CYBER/LINA: -2.45
2025-01-26 11:31:05 - INFO - 📊 Початок розрахунку Z-Score для пари XAI/LINA
2025-01-26 11:31:05 - INFO - Кількість записів для XAI: 672
2025-01-26 11:31:05 - INFO - Кількість записів для LINA: 672
2025-01-26 11:31:05 - INFO - ✅ Z-Score для XAI/LINA: -2.41
2025-01-26 11:31:05 - INFO - ✅ Z-Score для XAI/LINA: -2.41
2025-01-26 11:31:05 - INFO - 📊 Початок розрахунку Z-Score для пари XAI/YGG
2025-01-26 11:31:05 - INFO - Кількість записів для XAI: 672
2025-01-26 11:31:05 - INFO - Кількість записів для YGG: 672
2025-01-26 11:31:05 - INFO - ✅ Z-Score для XAI/YGG: -2.42
2025-01-26 11:31:05 - INFO - ✅ Z-Score для XAI/YGG: -2.42
2025-01-26 11:31:05 - INFO - 📊 Початок розрахунку Z-Score для пари XAI/BAKE
2025-01-26 11:31:05 - INFO - Кількість записів для XAI: 672
2025-01-26 11:31:05 - INFO - Кількість записів для BAKE: 672
2025-01-26 11:31:05 - INFO - ✅ Z-Score для XAI/BAKE: -2.03
2025-01-26 11:31:05 - INFO - ✅ Z-Score для XAI/BAKE: -2.03
2025-01-26 11:31:05 - INFO - 📊 Початок розрахунку Z-Score для пари CYBER/AMB
2025-01-26 11:31:05 - INFO - Кількість записів для CYBER: 672
2025-01-26 11:31:05 - INFO - Кількість записів для AMB: 0
2025-01-26 11:31:05 - ERROR - ❌ Помилка для пари CYBER/AMB: Недостатньо даних для пари CYBER/AMB
2025-01-26 11:31:05 - WARNING - ⚠️ Не вдалося розрахувати Z-Score для CYBER/AMB
2025-01-26 11:31:05 - INFO - 📊 Початок розрахунку Z-Score для пари PORTAL/YGG
2025-01-26 11:31:05 - INFO - Кількість записів для PORTAL: 672
2025-01-26 11:31:05 - INFO - Кількість записів для YGG: 672
2025-01-26 11:31:05 - INFO - ✅ Z-Score для PORTAL/YGG: -1.65
2025-01-26 11:31:05 - INFO - ✅ Z-Score для PORTAL/YGG: -1.65
2025-01-26 11:31:05 - INFO - 📊 Початок розрахунку Z-Score для пари CYBER/BAKE
2025-01-26 11:31:05 - INFO - Кількість записів для CYBER: 672
2025-01-26 11:31:05 - INFO - Кількість записів для BAKE: 672
2025-01-26 11:31:05 - INFO - ✅ Z-Score для CYBER/BAKE: -3.29
2025-01-26 11:31:05 - INFO - ✅ Z-Score для CYBER/BAKE: -3.29
2025-01-26 11:31:05 - INFO - 📊 Початок розрахунку Z-Score для пари AAVE/ENS
2025-01-26 11:31:05 - INFO - Кількість записів для AAVE: 672
2025-01-26 11:31:05 - INFO - Кількість записів для ENS: 672
2025-01-26 11:31:05 - INFO - ✅ Z-Score для AAVE/ENS: -1.44
2025-01-26 11:31:05 - INFO - ✅ Z-Score для AAVE/ENS: -1.44
2025-01-26 11:31:05 - INFO - 📊 Початок розрахунку Z-Score для пари OGN/LINA
2025-01-26 11:31:05 - INFO - Кількість записів для OGN: 672
2025-01-26 11:31:05 - INFO - Кількість записів для LINA: 672
2025-01-26 11:31:05 - INFO - ✅ Z-Score для OGN/LINA: -1.68
2025-01-26 11:31:05 - INFO - ✅ Z-Score для OGN/LINA: -1.68
2025-01-26 11:31:05 - INFO - 📊 Початок розрахунку Z-Score для пари MANA/SLP
2025-01-26 11:31:05 - INFO - Кількість записів для MANA: 672
2025-01-26 11:31:05 - INFO - Кількість записів для SLP: 672
2025-01-26 11:31:05 - INFO - ✅ Z-Score для MANA/SLP: -0.57
2025-01-26 11:31:05 - INFO - ✅ Z-Score для MANA/SLP: -0.57
2025-01-26 11:31:05 - INFO - 📊 Початок розрахунку Z-Score для пари MANA/ROSE
2025-01-26 11:31:05 - INFO - Кількість записів для MANA: 672
2025-01-26 11:31:05 - INFO - Кількість записів для ROSE: 672
2025-01-26 11:31:05 - INFO - ✅ Z-Score для MANA/ROSE: -2.25
2025-01-26 11:31:05 - INFO - ✅ Z-Score для MANA/ROSE: -2.25
2025-01-26 11:31:05 - INFO - 📊 Початок розрахунку Z-Score для пари NEAR/BAND
2025-01-26 11:31:05 - INFO - Кількість записів для NEAR: 672
2025-01-26 11:31:05 - INFO - Кількість записів для BAND: 672
2025-01-26 11:31:05 - INFO - ✅ Z-Score для NEAR/BAND: -2.49
2025-01-26 11:31:05 - INFO - ✅ Z-Score для NEAR/BAND: -2.49
2025-01-26 11:31:05 - INFO - 📊 Початок розрахунку Z-Score для пари FLOW/VANRY
2025-01-26 11:31:05 - INFO - Кількість записів для FLOW: 672
2025-01-26 11:31:05 - INFO - Кількість записів для VANRY: 672
2025-01-26 11:31:05 - INFO - ✅ Z-Score для FLOW/VANRY: -1.81
2025-01-26 11:31:05 - INFO - ✅ Z-Score для FLOW/VANRY: -1.81
2025-01-26 11:31:05 - INFO - 📊 Початок розрахунку Z-Score для пари FLOW/CHZ
2025-01-26 11:31:05 - INFO - Кількість записів для FLOW: 672
2025-01-26 11:31:05 - INFO - Кількість записів для CHZ: 672
2025-01-26 11:31:05 - INFO - ✅ Z-Score для FLOW/CHZ: -1.44
2025-01-26 11:31:05 - INFO - ✅ Z-Score для FLOW/CHZ: -1.44
2025-01-26 11:31:05 - INFO - 📊 Початок розрахунку Z-Score для пари FLOW/DODO
2025-01-26 11:31:05 - INFO - Кількість записів для FLOW: 672
2025-01-26 11:31:05 - INFO - Кількість записів для DODO: 672
2025-01-26 11:31:05 - INFO - ✅ Z-Score для FLOW/DODO: -1.92
2025-01-26 11:31:05 - INFO - ✅ Z-Score для FLOW/DODO: -1.92
2025-01-26 11:31:05 - INFO - 📊 Початок розрахунку Z-Score для пари MANTA/GMT
2025-01-26 11:31:05 - INFO - Кількість записів для MANTA: 672
2025-01-26 11:31:05 - INFO - Кількість записів для GMT: 672
2025-01-26 11:31:05 - INFO - ✅ Z-Score для MANTA/GMT: -1.69
2025-01-26 11:31:05 - INFO - ✅ Z-Score для MANTA/GMT: -1.69
2025-01-26 11:31:05 - INFO - 📊 Початок розрахунку Z-Score для пари NEAR/PERP
2025-01-26 11:31:05 - INFO - Кількість записів для NEAR: 672
2025-01-26 11:31:05 - INFO - Кількість записів для PERP: 672
2025-01-26 11:31:05 - INFO - ✅ Z-Score для NEAR/PERP: -1.81
2025-01-26 11:31:05 - INFO - ✅ Z-Score для NEAR/PERP: -1.81
2025-01-26 11:31:05 - INFO - ✅ Успішно обчислено Z-Score для 17 із 18 пар.
2025-01-26 13:05:07 - INFO - 📊 Початок розрахунку Z-Score для пари PIXEL/YGG
2025-01-26 13:05:07 - INFO - Кількість записів для PIXEL: 672
2025-01-26 13:05:07 - INFO - Кількість записів для YGG: 672
2025-01-26 13:05:07 - INFO - ✅ Z-Score для PIXEL/YGG: -1.34
2025-01-26 13:05:07 - INFO - ✅ Z-Score для PIXEL/YGG: -1.34
2025-01-26 13:05:07 - INFO - 📊 Початок розрахунку Z-Score для пари CYBER/LINA
2025-01-26 13:05:07 - INFO - Кількість записів для CYBER: 672
2025-01-26 13:05:07 - INFO - Кількість записів для LINA: 672
2025-01-26 13:05:07 - INFO - ✅ Z-Score для CYBER/LINA: -1.34
2025-01-26 13:05:07 - INFO - ✅ Z-Score для CYBER/LINA: -1.34
2025-01-26 13:05:07 - INFO - 📊 Початок розрахунку Z-Score для пари XAI/LINA
2025-01-26 13:05:07 - INFO - Кількість записів для XAI: 672
2025-01-26 13:05:07 - INFO - Кількість записів для LINA: 672
2025-01-26 13:05:07 - INFO - ✅ Z-Score для XAI/LINA: -2.56
2025-01-26 13:05:07 - INFO - ✅ Z-Score для XAI/LINA: -2.56
2025-01-26 13:05:07 - INFO - 📊 Початок розрахунку Z-Score для пари XAI/YGG
2025-01-26 13:05:07 - INFO - Кількість записів для XAI: 672
2025-01-26 13:05:07 - INFO - Кількість записів для YGG: 672
2025-01-26 13:05:07 - INFO - ✅ Z-Score для XAI/YGG: -2.31
2025-01-26 13:05:07 - INFO - ✅ Z-Score для XAI/YGG: -2.31
2025-01-26 13:05:07 - INFO - 📊 Початок розрахунку Z-Score для пари XAI/BAKE
2025-01-26 13:05:07 - INFO - Кількість записів для XAI: 672
2025-01-26 13:05:07 - INFO - Кількість записів для BAKE: 672
2025-01-26 13:05:07 - INFO - ✅ Z-Score для XAI/BAKE: -2.07
2025-01-26 13:05:07 - INFO - ✅ Z-Score для XAI/BAKE: -2.07
2025-01-26 13:05:07 - INFO - 📊 Початок розрахунку Z-Score для пари CYBER/AMB
2025-01-26 13:05:07 - INFO - Кількість записів для CYBER: 672
2025-01-26 13:05:07 - INFO - Кількість записів для AMB: 0
2025-01-26 13:05:07 - ERROR - ❌ Помилка для пари CYBER/AMB: Недостатньо даних для пари CYBER/AMB
2025-01-26 13:05:07 - WARNING - ⚠️ Не вдалося розрахувати Z-Score для CYBER/AMB
2025-01-26 13:05:07 - INFO - 📊 Початок розрахунку Z-Score для пари PORTAL/YGG
2025-01-26 13:05:07 - INFO - Кількість записів для PORTAL: 672
2025-01-26 13:05:07 - INFO - Кількість записів для YGG: 672
2025-01-26 13:05:07 - INFO - ✅ Z-Score для PORTAL/YGG: -1.65
2025-01-26 13:05:07 - INFO - ✅ Z-Score для PORTAL/YGG: -1.65
2025-01-26 13:05:07 - INFO - 📊 Початок розрахунку Z-Score для пари CYBER/BAKE
2025-01-26 13:05:07 - INFO - Кількість записів для CYBER: 672
2025-01-26 13:05:07 - INFO - Кількість записів для BAKE: 672
2025-01-26 13:05:07 - INFO - ✅ Z-Score для CYBER/BAKE: -1.73
2025-01-26 13:05:07 - INFO - ✅ Z-Score для CYBER/BAKE: -1.73
2025-01-26 13:05:07 - INFO - 📊 Початок розрахунку Z-Score для пари AAVE/ENS
2025-01-26 13:05:07 - INFO - Кількість записів для AAVE: 672
2025-01-26 13:05:07 - INFO - Кількість записів для ENS: 672
2025-01-26 13:05:07 - INFO - ✅ Z-Score для AAVE/ENS: -1.55
2025-01-26 13:05:07 - INFO - ✅ Z-Score для AAVE/ENS: -1.55
2025-01-26 13:05:07 - INFO - 📊 Початок розрахунку Z-Score для пари OGN/LINA
2025-01-26 13:05:07 - INFO - Кількість записів для OGN: 672
2025-01-26 13:05:07 - INFO - Кількість записів для LINA: 672
2025-01-26 13:05:07 - INFO - ✅ Z-Score для OGN/LINA: -1.98
2025-01-26 13:05:07 - INFO - ✅ Z-Score для OGN/LINA: -1.98
2025-01-26 13:05:07 - INFO - 📊 Початок розрахунку Z-Score для пари MANA/SLP
2025-01-26 13:05:07 - INFO - Кількість записів для MANA: 672
2025-01-26 13:05:07 - INFO - Кількість записів для SLP: 672
2025-01-26 13:05:07 - INFO - ✅ Z-Score для MANA/SLP: -0.71
2025-01-26 13:05:07 - INFO - ✅ Z-Score для MANA/SLP: -0.71
2025-01-26 13:05:07 - INFO - 📊 Початок розрахунку Z-Score для пари MANA/ROSE
2025-01-26 13:05:07 - INFO - Кількість записів для MANA: 672
2025-01-26 13:05:07 - INFO - Кількість записів для ROSE: 672
2025-01-26 13:05:07 - INFO - ✅ Z-Score для MANA/ROSE: -2.17
2025-01-26 13:05:07 - INFO - ✅ Z-Score для MANA/ROSE: -2.17
2025-01-26 13:05:07 - INFO - 📊 Початок розрахунку Z-Score для пари NEAR/BAND
2025-01-26 13:05:07 - INFO - Кількість записів для NEAR: 672
2025-01-26 13:05:07 - INFO - Кількість записів для BAND: 672
2025-01-26 13:05:07 - INFO - ✅ Z-Score для NEAR/BAND: -2.37
2025-01-26 13:05:07 - INFO - ✅ Z-Score для NEAR/BAND: -2.37
2025-01-26 13:05:07 - INFO - 📊 Початок розрахунку Z-Score для пари FLOW/VANRY
2025-01-26 13:05:07 - INFO - Кількість записів для FLOW: 672
2025-01-26 13:05:07 - INFO - Кількість записів для VANRY: 672
2025-01-26 13:05:07 - INFO - ✅ Z-Score для FLOW/VANRY: -1.89
2025-01-26 13:05:07 - INFO - ✅ Z-Score для FLOW/VANRY: -1.89
2025-01-26 13:05:07 - INFO - 📊 Початок розрахунку Z-Score для пари FLOW/CHZ
2025-01-26 13:05:07 - INFO - Кількість записів для FLOW: 672
2025-01-26 13:05:07 - INFO - Кількість записів для CHZ: 672
2025-01-26 13:05:07 - INFO - ✅ Z-Score для FLOW/CHZ: -3.21
2025-01-26 13:05:07 - INFO - ✅ Z-Score для FLOW/CHZ: -3.21
2025-01-26 13:05:07 - INFO - 📊 Початок розрахунку Z-Score для пари FLOW/DODO
2025-01-26 13:05:07 - INFO - Кількість записів для FLOW: 672
2025-01-26 13:05:07 - INFO - Кількість записів для DODO: 672
2025-01-26 13:05:07 - INFO - ✅ Z-Score для FLOW/DODO: -1.87
2025-01-26 13:05:07 - INFO - ✅ Z-Score для FLOW/DODO: -1.87
2025-01-26 13:05:07 - INFO - 📊 Початок розрахунку Z-Score для пари MANTA/GMT
2025-01-26 13:05:07 - INFO - Кількість записів для MANTA: 672
2025-01-26 13:05:07 - INFO - Кількість записів для GMT: 672
2025-01-26 13:05:07 - INFO - ✅ Z-Score для MANTA/GMT: -2.23
2025-01-26 13:05:07 - INFO - ✅ Z-Score для MANTA/GMT: -2.23
2025-01-26 13:05:07 - INFO - 📊 Початок розрахунку Z-Score для пари NEAR/PERP
2025-01-26 13:05:07 - INFO - Кількість записів для NEAR: 672
2025-01-26 13:05:07 - INFO - Кількість записів для PERP: 672
2025-01-26 13:05:07 - INFO - ✅ Z-Score для NEAR/PERP: -1.57
2025-01-26 13:05:07 - INFO - ✅ Z-Score для NEAR/PERP: -1.57
2025-01-26 13:05:07 - INFO - ✅ Успішно обчислено Z-Score для 17 із 18 пар.
2025-01-26 15:03:04 - INFO - 📊 Початок розрахунку Z-Score для пари PIXEL/YGG
2025-01-26 15:03:04 - INFO - Кількість синхронізованих записів для PIXEL: 672
2025-01-26 15:03:04 - INFO - Кількість синхронізованих записів для YGG: 672
2025-01-26 15:03:04 - INFO - ✅ Z-Score для PIXEL/YGG: -1.50
2025-01-26 15:03:04 - INFO - ✅ Z-Score для PIXEL/YGG: -1.5
2025-01-26 15:03:04 - INFO - 📊 Початок розрахунку Z-Score для пари CYBER/LINA
2025-01-26 15:03:04 - INFO - Кількість синхронізованих записів для CYBER: 672
2025-01-26 15:03:04 - INFO - Кількість синхронізованих записів для LINA: 672
2025-01-26 15:03:04 - INFO - ✅ Z-Score для CYBER/LINA: -1.71
2025-01-26 15:03:04 - INFO - ✅ Z-Score для CYBER/LINA: -1.71
2025-01-26 15:03:04 - INFO - 📊 Початок розрахунку Z-Score для пари XAI/LINA
2025-01-26 15:03:04 - INFO - Кількість синхронізованих записів для XAI: 672
2025-01-26 15:03:04 - INFO - Кількість синхронізованих записів для LINA: 672
2025-01-26 15:03:04 - INFO - ✅ Z-Score для XAI/LINA: -1.89
2025-01-26 15:03:04 - INFO - ✅ Z-Score для XAI/LINA: -1.89
2025-01-26 15:03:04 - INFO - 📊 Початок розрахунку Z-Score для пари XAI/YGG
2025-01-26 15:03:04 - INFO - Кількість синхронізованих записів для XAI: 672
2025-01-26 15:03:04 - INFO - Кількість синхронізованих записів для YGG: 672
2025-01-26 15:03:04 - INFO - ✅ Z-Score для XAI/YGG: -2.20
2025-01-26 15:03:04 - INFO - ✅ Z-Score для XAI/YGG: -2.2
2025-01-26 15:03:04 - INFO - 📊 Початок розрахунку Z-Score для пари XAI/BAKE
2025-01-26 15:03:04 - INFO - Кількість синхронізованих записів для XAI: 672
2025-01-26 15:03:04 - INFO - Кількість синхронізованих записів для BAKE: 672
2025-01-26 15:03:04 - INFO - ✅ Z-Score для XAI/BAKE: -1.28
2025-01-26 15:03:04 - INFO - ✅ Z-Score для XAI/BAKE: -1.28
2025-01-26 15:03:04 - INFO - 📊 Початок розрахунку Z-Score для пари CYBER/AMB
2025-01-26 15:03:04 - INFO - Кількість синхронізованих записів для CYBER: 0
2025-01-26 15:03:04 - INFO - Кількість синхронізованих записів для AMB: 0
2025-01-26 15:03:04 - ERROR - ❌ Помилка для пари CYBER/AMB: Недостатньо даних для пари CYBER/AMB
2025-01-26 15:03:04 - WARNING - ⚠️ Не вдалося розрахувати Z-Score для CYBER/AMB
2025-01-26 15:03:04 - INFO - 📊 Початок розрахунку Z-Score для пари PORTAL/YGG
2025-01-26 15:03:04 - INFO - Кількість синхронізованих записів для PORTAL: 672
2025-01-26 15:03:04 - INFO - Кількість синхронізованих записів для YGG: 672
2025-01-26 15:03:04 - INFO - ✅ Z-Score для PORTAL/YGG: -1.45
2025-01-26 15:03:04 - INFO - ✅ Z-Score для PORTAL/YGG: -1.45
2025-01-26 15:03:04 - INFO - 📊 Початок розрахунку Z-Score для пари CYBER/BAKE
2025-01-26 15:03:04 - INFO - Кількість синхронізованих записів для CYBER: 672
2025-01-26 15:03:04 - INFO - Кількість синхронізованих записів для BAKE: 672
2025-01-26 15:03:04 - INFO - ✅ Z-Score для CYBER/BAKE: -2.15
2025-01-26 15:03:04 - INFO - ✅ Z-Score для CYBER/BAKE: -2.15
2025-01-26 15:03:04 - INFO - 📊 Початок розрахунку Z-Score для пари AAVE/ENS
2025-01-26 15:03:04 - INFO - Кількість синхронізованих записів для AAVE: 672
2025-01-26 15:03:04 - INFO - Кількість синхронізованих записів для ENS: 672
2025-01-26 15:03:04 - INFO - ✅ Z-Score для AAVE/ENS: -1.69
2025-01-26 15:03:04 - INFO - ✅ Z-Score для AAVE/ENS: -1.69
2025-01-26 15:03:04 - INFO - 📊 Початок розрахунку Z-Score для пари OGN/LINA
2025-01-26 15:03:04 - INFO - Кількість синхронізованих записів для OGN: 672
2025-01-26 15:03:04 - INFO - Кількість синхронізованих записів для LINA: 672
2025-01-26 15:03:04 - INFO - ✅ Z-Score для OGN/LINA: -1.77
2025-01-26 15:03:04 - INFO - ✅ Z-Score для OGN/LINA: -1.77
2025-01-26 15:03:04 - INFO - 📊 Початок розрахунку Z-Score для пари MANA/SLP
2025-01-26 15:03:04 - INFO - Кількість синхронізованих записів для MANA: 672
2025-01-26 15:03:04 - INFO - Кількість синхронізованих записів для SLP: 672
2025-01-26 15:03:04 - INFO - ✅ Z-Score для MANA/SLP: -0.43
2025-01-26 15:03:04 - INFO - ✅ Z-Score для MANA/SLP: -0.43
2025-01-26 15:03:04 - INFO - 📊 Початок розрахунку Z-Score для пари MANA/ROSE
2025-01-26 15:03:04 - INFO - Кількість синхронізованих записів для MANA: 672
2025-01-26 15:03:04 - INFO - Кількість синхронізованих записів для ROSE: 672
2025-01-26 15:03:04 - INFO - ✅ Z-Score для MANA/ROSE: -1.88
2025-01-26 15:03:04 - INFO - ✅ Z-Score для MANA/ROSE: -1.88
2025-01-26 15:03:04 - INFO - 📊 Початок розрахунку Z-Score для пари NEAR/BAND
2025-01-26 15:03:04 - INFO - Кількість синхронізованих записів для NEAR: 672
2025-01-26 15:03:04 - INFO - Кількість синхронізованих записів для BAND: 672
2025-01-26 15:03:04 - INFO - ✅ Z-Score для NEAR/BAND: -2.09
2025-01-26 15:03:04 - INFO - ✅ Z-Score для NEAR/BAND: -2.09
2025-01-26 15:03:04 - INFO - 📊 Початок розрахунку Z-Score для пари FLOW/VANRY
2025-01-26 15:03:04 - INFO - Кількість синхронізованих записів для FLOW: 672
2025-01-26 15:03:04 - INFO - Кількість синхронізованих записів для VANRY: 672
2025-01-26 15:03:04 - INFO - ✅ Z-Score для FLOW/VANRY: -1.84
2025-01-26 15:03:04 - INFO - ✅ Z-Score для FLOW/VANRY: -1.84
2025-01-26 15:03:04 - INFO - 📊 Початок розрахунку Z-Score для пари FLOW/CHZ
2025-01-26 15:03:04 - INFO - Кількість синхронізованих записів для FLOW: 672
2025-01-26 15:03:04 - INFO - Кількість синхронізованих записів для CHZ: 672
2025-01-26 15:03:04 - INFO - ✅ Z-Score для FLOW/CHZ: -1.45
2025-01-26 15:03:04 - INFO - ✅ Z-Score для FLOW/CHZ: -1.45
2025-01-26 15:03:04 - INFO - 📊 Початок розрахунку Z-Score для пари FLOW/DODO
2025-01-26 15:03:04 - INFO - Кількість синхронізованих записів для FLOW: 672
2025-01-26 15:03:04 - INFO - Кількість синхронізованих записів для DODO: 672
2025-01-26 15:03:04 - INFO - ✅ Z-Score для FLOW/DODO: -1.66
2025-01-26 15:03:04 - INFO - ✅ Z-Score для FLOW/DODO: -1.66
2025-01-26 15:03:04 - INFO - 📊 Початок розрахунку Z-Score для пари MANTA/GMT
2025-01-26 15:03:04 - INFO - Кількість синхронізованих записів для MANTA: 672
2025-01-26 15:03:04 - INFO - Кількість синхронізованих записів для GMT: 672
2025-01-26 15:03:04 - INFO - ✅ Z-Score для MANTA/GMT: -2.56
2025-01-26 15:03:04 - INFO - ✅ Z-Score для MANTA/GMT: -2.56
2025-01-26 15:03:04 - INFO - 📊 Початок розрахунку Z-Score для пари NEAR/PERP
2025-01-26 15:03:04 - INFO - Кількість синхронізованих записів для NEAR: 672
2025-01-26 15:03:04 - INFO - Кількість синхронізованих записів для PERP: 672
2025-01-26 15:03:04 - INFO - ✅ Z-Score для NEAR/PERP: -1.37
2025-01-26 15:03:04 - INFO - ✅ Z-Score для NEAR/PERP: -1.37
2025-01-26 15:03:04 - INFO - ✅ Успішно обчислено Z-Score для 17 із 18 пар.
